
Showing logs for build [32mcb-kubecd-environment-pr-179-8-2qtnj-1[0m stage [32mfrom-build-pack[0m and container [32mstep-credential-initializer-2jd59[0m
{"level":"warn","ts":1583903778.8799734,"logger":"fallback-logger","caller":"logging/config.go:69","msg":"Fetch GitHub commit ID from kodata failed: \"ref: refs/heads/0.8.0-**-support-backwards-incompats\" is not a valid GitHub commit ID"}
{"level":"info","ts":1583903778.880448,"logger":"fallback-logger","caller":"creds-init/main.go:40","msg":"Credentials initialized."}

Showing logs for build [32mcb-kubecd-environment-pr-179-8-2qtnj-1[0m stage [32mfrom-build-pack[0m and container [32mstep-working-dir-initializer-qnwwq[0m
{"level":"warn","ts":1583903780.143879,"logger":"fallback-logger","caller":"logging/config.go:69","msg":"Fetch GitHub commit ID from kodata failed: open /var/run/ko/HEAD: no such file or directory"}
{"level":"info","ts":1583903780.1478457,"logger":"fallback-logger","caller":"bash/main.go:64","msg":"Successfully executed command \"sh -c mkdir -p /workspace/source\"; output "}

Showing logs for build [32mcb-kubecd-environment-pr-179-8-2qtnj-1[0m stage [32mfrom-build-pack[0m and container [32mstep-place-tools[0m

Showing logs for build [32mcb-kubecd-environment-pr-179-8-2qtnj-1[0m stage [32mfrom-build-pack[0m and container [32mstep-git-source-cb-kubecd-environment-pr-179-8-2qtnj-kk4g2[0m
{"level":"warn","ts":1583903784.3222299,"logger":"fallback-logger","caller":"logging/config.go:69","msg":"Fetch GitHub commit ID from kodata failed: \"ref: refs/heads/0.8.0-**-support-backwards-incompats\" is not a valid GitHub commit ID"}
{"level":"info","ts":1583903785.3690848,"logger":"fallback-logger","caller":"git/git.go:103","msg":"Successfully cloned https://github.com/cb-kubecd/environment-pr-179-8-gke-upgrade-production.git @ master in path /workspace/source"}

Showing logs for build [32mcb-kubecd-environment-pr-179-8-2qtnj-1[0m stage [32mfrom-build-pack[0m and container [32mstep-git-merge[0m
Using SHAs from PULL_REFS=master:41ea89b30f8f9a320d38598e90fc9e9d51cfe95f,1:c37d57c6a567cba333519d59d3fe1319acd33302
DEBUG: LC_ALL=C JX_LOG_LEVEL=error git fetch origin --unshallow c37d57c6a567cba333519d59d3fe1319acd33302: 41ea89b30f8f9a320d38598e90fc9e9d51cfe95f:
DEBUG: ran git fetch --unshallow origin c37d57c6a567cba333519d59d3fe1319acd33302: 41ea89b30f8f9a320d38598e90fc9e9d51cfe95f: in 
DEBUG: LC_ALL=C JX_LOG_LEVEL=error git branch
DEBUG: LC_ALL=C JX_LOG_LEVEL=error git checkout master
DEBUG: ran git checkout master in 
DEBUG: LC_ALL=C JX_LOG_LEVEL=error git reset --hard 41ea89b30f8f9a320d38598e90fc9e9d51cfe95f
DEBUG: ran git reset --hard 41ea89b30f8f9a320d38598e90fc9e9d51cfe95f in 
DEBUG: LC_ALL=C JX_LOG_LEVEL=error git clean -fd .
DEBUG: ran clean --force -d . in 
DEBUG: LC_ALL=C JX_LOG_LEVEL=error git merge c37d57c6a567cba333519d59d3fe1319acd33302
DEBUG: ran git merge c37d57c6a567cba333519d59d3fe1319acd33302 in 
DEBUG: LC_ALL=C JX_LOG_LEVEL=error git log --format=%H%x1f%an%x1f%ae%x1f%cn%x1f%ce%x1f%s%n%b%x1e 41ea89b30f8f9a320d38598e90fc9e9d51cfe95f..HEAD
Merged SHA c37d57c6a567cba333519d59d3fe1319acd33302 with commit message 'chore: Promote bdd-spring-1583902497 to version 0.0.1' into base branch master

Showing logs for build [32mcb-kubecd-environment-pr-179-8-2qtnj-1[0m stage [32mfrom-build-pack[0m and container [32mstep-build-helm-build[0m
WARNING: No $CHART_REPOSITORY defined so using the default value of: http://jenkins-x-chartmuseum:8080
Adding missing Helm repo: storage.googleapis.com https://storage.googleapis.com/chartmuseum.jenkins-x.io
WARNING: No secrets found on "helm/repos" due: reading the secret "helm/repos" from vault: no secret "helm/repos" not found in vault
Read credentials for https://storage.googleapis.com/chartmuseum.jenkins-x.io from vault helm/repos
Successfully added Helm repository storage.googleapis.com.
Adding missing Helm repo: jenkins-x-chartmuseum http://jenkins-x-chartmuseum:8080
WARNING: No secrets found on "helm/repos" due: reading the secret "helm/repos" from vault: no secret "helm/repos" not found in vault
Read credentials for http://jenkins-x-chartmuseum:8080 from vault helm/repos
Successfully added Helm repository jenkins-x-chartmuseum.
WARNING: No $CHART_REPOSITORY defined so using the default value of: http://jenkins-x-chartmuseum:8080
Adding missing Helm repo: chartmuseum.jenkins-x.io http://chartmuseum.jenkins-x.io
WARNING: No secrets found on "helm/repos" due: reading the secret "helm/repos" from vault: no secret "helm/repos" not found in vault
Read credentials for http://chartmuseum.jenkins-x.io from vault helm/repos
Successfully added Helm repository chartmuseum.jenkins-x.io.
